./planning-app/dist/favicon.ico 84e1b8bc9e2287f85f9046d07e9b240b
./planning-app/dist/index.html 36894e457f6d2b7888871ac113ba45ea
./planning-app/dist/styles.css cf69fe383249c9232132f8a01733c60d
./planning-app/dist/js/chunk-vendors.2f167584.js a50aab942b7a50965bcf8a02304a06a6
./planning-app/dist/js/app.92a03a3a.js f666fd82245ced40f39225e91a1c17c8
./planning-app/dist/js/app.92a03a3a.js.map 43f70cd3c1f0662180bc06848debc778
./planning-app/dist/js/chunk-vendors.2f167584.js.map 51953bce17ce86e091a96e09342ac3a3
./planning-app/dist/img/conservation_area.5f63d017.png 5f63d017a954537f7edbad1a11bc51b6
./planning-app/dist/img/not_conservation_area.c9c185cb.png c9c185cbc0b26e7fb1a5ba867a3d3a2d
./planning-app/dist/img/govuk-crest-2x.57a05afc.png 57a05afc1fc634420a02ff0151675de0
./planning-app/dist/img/trees_explanation.35ebe3f9.png 35ebe3f9bf76cbac784dd6041354f329
./planning-app/dist/fonts/bold-tabular-357fdfbcc3-v1.357fdfbc.eot 357fdfbcc321f1e6a153fcbf4ceb5c65
./planning-app/dist/fonts/bold-fb2676462a-v1.fb267646.eot fb2676462af7535ae6b867ce7279cd52
./planning-app/dist/fonts/bold-a2452cb66f-v1.a2452cb6.woff2 a2452cb66fcc8cd179b55ccf8f8c96a5
./planning-app/dist/fonts/bold-f38c792ac2-v1.f38c792a.woff f38c792ac204a1203715d63ae46c19f9
./planning-app/dist/fonts/light-f38ad40456-v1.f38ad404.woff2 f38ad40456df126d75363b9d7b12c979
./planning-app/dist/fonts/light-tabular-851b10ccdd-v1.851b10cc.woff2 851b10ccddad82cc8179ba8311e23942
./planning-app/dist/fonts/bold-tabular-784c21afb8-v1.784c21af.woff 784c21afb81b6309ba255cd505dd225e
./planning-app/dist/fonts/bold-tabular-b89238d840-v1.b89238d8.woff2 b89238d840add0977e2ef7617aeca167
./planning-app/dist/fonts/light-458f8ea81c-v1.458f8ea8.woff 458f8ea81c3aa78d1d1532b0541d065a
./planning-app/dist/fonts/light-tabular-62cc6f0a28-v1.62cc6f0a.woff 62cc6f0a282d97885bba28a167e323ea
./planning-app/dist/fonts/light-2c037cf7e1-v1.2c037cf7.eot 2c037cf7e1d0990c066aadedf9ccac76
./planning-app/dist/fonts/light-tabular-498ea8ffe2-v1.498ea8ff.eot 498ea8ffe2d1af887302b2799879acec
